<?xml version="1.0" encoding="UTF-8"?>
<coverage generated="1614624982434" clover="3.2.0">
  <project timestamp="1614624982434" name="All files">
    <metrics statements="25" coveredstatements="24" conditionals="14" coveredconditionals="8" methods="4" coveredmethods="4" elements="43" coveredelements="36" complexity="0" loc="25" ncloc="25" packages="1" files="2" classes="2"/>
    <file name="resolvers.js" path="/Users/kyle/Code/kyle/adamah/server/src/catalog/resolvers.js">
      <metrics statements="25" coveredstatements="24" conditionals="14" coveredconditionals="8" methods="4" coveredmethods="4"/>
      <line num="3" count="1" type="stmt"/>
      <line num="6" count="1" type="stmt"/>
      <line num="7" count="3" type="stmt"/>
      <line num="16" count="1" type="stmt"/>
      <line num="17" count="3" type="cond" truecount="2" falsecount="0"/>
      <line num="18" count="2" type="cond" truecount="1" falsecount="1"/>
      <line num="19" count="2" type="stmt"/>
      <line num="29" count="1" type="stmt"/>
      <line num="30" count="2" type="stmt"/>
      <line num="31" count="2" type="stmt"/>
      <line num="33" count="2" type="stmt"/>
      <line num="34" count="2" type="stmt"/>
      <line num="35" count="2" type="stmt"/>
      <line num="36" count="2" type="stmt"/>
      <line num="38" count="2" type="cond" truecount="1" falsecount="1"/>
      <line num="39" count="2" type="stmt"/>
      <line num="40" count="2" type="stmt"/>
      <line num="41" count="2" type="stmt"/>
      <line num="45" count="2" type="stmt"/>
      <line num="51" count="3" type="stmt"/>
      <line num="56" count="1" type="cond" truecount="1" falsecount="1"/>
      <line num="57" count="0" type="stmt"/>
      <line num="60" count="1" type="stmt"/>
      <line num="64" count="1" type="stmt"/>
      <line num="71" count="1" type="stmt"/>
    </file>
    <file name="schema.js" path="/Users/kyle/Code/kyle/adamah/server/src/catalog/schema.js">
      <metrics statements="0" coveredstatements="0" conditionals="0" coveredconditionals="0" methods="0" coveredmethods="0"/>
    </file>
  </project>
</coverage>
