{"/Users/kyle/Code/kyle/adamah/server/src/catalog/resolvers.js": {"path":"/Users/kyle/Code/kyle/adamah/server/src/catalog/resolvers.js","statementMap":{"0":{"start":{"line":3,"column":32},"end":{"line":3,"column":83}},"1":{"start":{"line":6,"column":35},"end":{"line":14,"column":1}},"2":{"start":{"line":7,"column":2},"end":{"line":13,"column":3}},"3":{"start":{"line":16,"column":24},"end":{"line":20,"column":1}},"4":{"start":{"line":17,"column":2},"end":{"line":18,"column":36}},"5":{"start":{"line":17,"column":23},"end":{"line":17,"column":32}},"6":{"start":{"line":18,"column":7},"end":{"line":18,"column":36}},"7":{"start":{"line":18,"column":28},"end":{"line":18,"column":36}},"8":{"start":{"line":19,"column":2},"end":{"line":19,"column":10}},"9":{"start":{"line":29,"column":20},"end":{"line":73,"column":1}},"10":{"start":{"line":30,"column":2},"end":{"line":72,"column":3}},"11":{"start":{"line":31,"column":99},"end":{"line":31,"column":103}},"12":{"start":{"line":33,"column":4},"end":{"line":33,"column":32}},"13":{"start":{"line":34,"column":4},"end":{"line":34,"column":42}},"14":{"start":{"line":35,"column":4},"end":{"line":35,"column":36}},"15":{"start":{"line":36,"column":4},"end":{"line":36,"column":51}},"16":{"start":{"line":38,"column":4},"end":{"line":38,"column":55}},"17":{"start":{"line":39,"column":4},"end":{"line":39,"column":39}},"18":{"start":{"line":40,"column":4},"end":{"line":40,"column":42}},"19":{"start":{"line":41,"column":4},"end":{"line":41,"column":48}},"20":{"start":{"line":45,"column":21},"end":{"line":48,"column":6}},"21":{"start":{"line":51,"column":24},"end":{"line":51,"column":131}},"22":{"start":{"line":51,"column":72},"end":{"line":51,"column":107}},"23":{"start":{"line":56,"column":4},"end":{"line":61,"column":5}},"24":{"start":{"line":57,"column":6},"end":{"line":57,"column":130}},"25":{"start":{"line":60,"column":6},"end":{"line":60,"column":67}},"26":{"start":{"line":64,"column":4},"end":{"line":69,"column":5}},"27":{"start":{"line":71,"column":4},"end":{"line":71,"column":71}}},"fnMap":{"0":{"name":"(anonymous_0)","decl":{"start":{"line":6,"column":35},"end":{"line":6,"column":36}},"loc":{"start":{"line":6,"column":48},"end":{"line":14,"column":1}},"line":6},"1":{"name":"(anonymous_1)","decl":{"start":{"line":16,"column":24},"end":{"line":16,"column":25}},"loc":{"start":{"line":16,"column":34},"end":{"line":20,"column":1}},"line":16},"2":{"name":"(anonymous_2)","decl":{"start":{"line":29,"column":20},"end":{"line":29,"column":21}},"loc":{"start":{"line":29,"column":53},"end":{"line":73,"column":1}},"line":29},"3":{"name":"(anonymous_3)","decl":{"start":{"line":51,"column":61},"end":{"line":51,"column":62}},"loc":{"start":{"line":51,"column":72},"end":{"line":51,"column":107}},"line":51}},"branchMap":{"0":{"loc":{"start":{"line":17,"column":2},"end":{"line":18,"column":36}},"type":"if","locations":[{"start":{"line":17,"column":2},"end":{"line":18,"column":36}},{"start":{"line":17,"column":2},"end":{"line":18,"column":36}}],"line":17},"1":{"loc":{"start":{"line":18,"column":7},"end":{"line":18,"column":36}},"type":"if","locations":[{"start":{"line":18,"column":7},"end":{"line":18,"column":36}},{"start":{"line":18,"column":7},"end":{"line":18,"column":36}}],"line":18},"2":{"loc":{"start":{"line":38,"column":15},"end":{"line":38,"column":54}},"type":"cond-expr","locations":[{"start":{"line":38,"column":26},"end":{"line":38,"column":49}},{"start":{"line":38,"column":52},"end":{"line":38,"column":54}}],"line":38},"3":{"loc":{"start":{"line":56,"column":4},"end":{"line":61,"column":5}},"type":"if","locations":[{"start":{"line":56,"column":4},"end":{"line":61,"column":5}},{"start":{"line":56,"column":4},"end":{"line":61,"column":5}}],"line":56},"4":{"loc":{"start":{"line":66,"column":11},"end":{"line":66,"column":76}},"type":"cond-expr","locations":[{"start":{"line":66,"column":32},"end":{"line":66,"column":72}},{"start":{"line":66,"column":75},"end":{"line":66,"column":76}}],"line":66},"5":{"loc":{"start":{"line":67,"column":11},"end":{"line":67,"column":55}},"type":"cond-expr","locations":[{"start":{"line":67,"column":32},"end":{"line":67,"column":51}},{"start":{"line":67,"column":54},"end":{"line":67,"column":55}}],"line":67},"6":{"loc":{"start":{"line":68,"column":14},"end":{"line":68,"column":25}},"type":"binary-expr","locations":[{"start":{"line":68,"column":14},"end":{"line":68,"column":20}},{"start":{"line":68,"column":24},"end":{"line":68,"column":25}}],"line":68}},"s":{"0":1,"1":1,"2":3,"3":1,"4":3,"5":1,"6":2,"7":0,"8":2,"9":1,"10":2,"11":2,"12":2,"13":2,"14":2,"15":2,"16":2,"17":2,"18":2,"19":2,"20":2,"21":2,"22":3,"23":1,"24":0,"25":1,"26":1,"27":1},"f":{"0":3,"1":3,"2":2,"3":3},"b":{"0":[1,2],"1":[0,2],"2":[2,0],"3":[0,1],"4":[1,0],"5":[1,0],"6":[1,0]},"_coverageSchema":"1a1c01bbd47fc00a2c39e90264f33305004495a9","hash":"f2cbd918a5fc3ee937ace0e63c2da460615fa5d7"}
,"/Users/kyle/Code/kyle/adamah/server/src/catalog/schema.js": {"path":"/Users/kyle/Code/kyle/adamah/server/src/catalog/schema.js","statementMap":{},"fnMap":{},"branchMap":{},"s":{},"f":{},"b":{},"_coverageSchema":"1a1c01bbd47fc00a2c39e90264f33305004495a9","hash":"08112ba0e1383cbc42b37a2e3c314968af7502e3"}
}
