TN:
SF:src/catalog/resolvers.js
FN:6,(anonymous_0)
FN:16,(anonymous_1)
FN:29,(anonymous_2)
FN:51,(anonymous_3)
FNF:4
FNH:4
FNDA:3,(anonymous_0)
FNDA:3,(anonymous_1)
FNDA:2,(anonymous_2)
FNDA:3,(anonymous_3)
DA:3,1
DA:6,1
DA:7,3
DA:16,1
DA:17,3
DA:18,2
DA:19,2
DA:29,1
DA:30,2
DA:31,2
DA:33,2
DA:34,2
DA:35,2
DA:36,2
DA:38,2
DA:39,2
DA:40,2
DA:41,2
DA:45,2
DA:51,3
DA:56,1
DA:57,0
DA:60,1
DA:64,1
DA:71,1
LF:25
LH:24
BRDA:17,0,0,1
BRDA:17,0,1,2
BRDA:18,1,0,0
BRDA:18,1,1,2
BRDA:38,2,0,2
BRDA:38,2,1,0
BRDA:56,3,0,0
BRDA:56,3,1,1
BRDA:66,4,0,1
BRDA:66,4,1,0
BRDA:67,5,0,1
BRDA:67,5,1,0
BRDA:68,6,0,1
BRDA:68,6,1,0
BRF:14
BRH:8
end_of_record
TN:
SF:src/catalog/schema.js
FNF:0
FNH:0
LF:0
LH:0
BRF:0
BRH:0
end_of_record
